<?xml version="1.0" encoding="UTF-8"?>
<testsuite xmlns:xsi="http://www.w3.org/2001/XMLSchema-instance" xsi:noNamespaceSchemaLocation="https://maven.apache.org/surefire/maven-surefire-plugin/xsd/surefire-test-report-3.0.xsd" version="3.0" name="GameTest" time="1.405" tests="5" errors="0" skipped="0" failures="0">
  <properties>
[...]
</properties>
  <testcase name="numberOfMinesMedium" classname="GameTest" time="0.604">
    <system-out><![CDATA[-----
1     2     99     99     1     0     
1     99     3     2     1     0     
1     2     2     1     0     0     
0     1     99     1     0     0     
0     1     2     2     1     0     
0     0     1     99     1     0     

0     0     0     1     1     1     0     0     
0     0     0     1     99     2     1     0     
0     0     0     1     3     99     2     0     
1     2     2     1     2     99     2     0     
1     99     99     1     1     1     1     0     
1     2     2     1     0     0     0     0     
0     1     1     2     1     2     1     1     
0     1     99     2     99     2     99     1     

0     0     0     0     0     0     1     99     99     99     
0     0     0     0     0     0     1     3     99     3     
1     1     1     0     0     1     1     2     1     1     
1     99     1     1     1     2     99     1     0     0     
1     1     1     1     99     2     1     1     0     0     
0     0     0     1     1     1     0     0     0     0     
0     0     0     0     0     0     0     0     0     0     
0     0     0     0     0     0     0     0     0     0     
0     1     1     1     0     0     0     0     0     0     
0     1     99     1     0     0     0     0     0     0     

Board Created!
]]></system-out>
  </testcase>
  <testcase name="actionPerformed" classname="GameTest" time="0.274">
    <system-out><![CDATA[-----
1     99     1     0     1     1     
1     1     1     0     1     99     
1     1     1     0     1     1     
1     99     1     0     0     0     
2     2     1     0     1     1     
99     1     0     0     1     99     

1     1     2     99     99     1     1     1     
1     99     2     2     2     1     1     99     
1     1     1     0     0     1     2     2     
0     0     0     0     0     2     99     2     
0     0     0     0     0     2     99     3     
0     0     1     1     1     1     3     99     
0     0     1     99     1     0     2     99     
0     0     1     1     1     0     1     1     

1     1     1     0     0     1     1     1     2     99     
1     99     1     0     0     2     99     2     3     99     
2     2     1     0     0     2     99     2     3     99     
99     1     0     0     0     1     1     1     2     99     
1     1     0     1     1     1     0     1     2     2     
0     1     1     2     99     2     1     2     99     1     
0     1     99     2     1     2     99     2     1     1     
1     2     2     1     0     1     1     1     0     0     
1     99     2     2     1     1     0     0     0     0     
1     2     99     2     99     1     0     0     0     0     

Board Created!
]]></system-out>
  </testcase>
  <testcase name="numberOfMinesEasy" classname="GameTest" time="0.275">
    <system-out><![CDATA[-----
99     2     99     99     2     1     
2     3     2     3     99     1     
99     2     0     1     1     1     
99     2     1     1     1     0     
1     1     2     99     3     1     
0     0     2     99     99     1     

1     99     2     99     1     0     0     0     
1     1     2     1     1     0     0     0     
1     1     0     0     0     0     0     0     
99     1     0     0     0     0     0     0     
2     2     1     0     0     0     1     1     
1     99     1     0     0     0     1     99     
1     1     1     0     0     0     1     1     
0     0     0     0     0     0     0     0     

1     3     99     3     99     99     3     1     2     99     
2     99     99     3     4     99     5     99     3     1     
99     4     3     1     2     99     5     99     3     1     
3     99     2     1     2     3     99     4     99     3     
2     99     3     2     99     2     1     3     99     99     
2     2     3     99     3     2     0     2     4     4     
2     99     2     2     99     1     1     2     99     99     
99     3     1     1     2     3     3     99     3     2     
99     2     0     0     1     99     99     2     2     1     
1     1     0     0     1     2     2     1     1     99     

Board Created!
]]></system-out>
  </testcase>
  <testcase name="numberOfMinesHard" classname="GameTest" time="0.104">
    <system-out><![CDATA[-----
1     3     99     3     99     1     
2     99     99     3     2     2     
99     4     4     3     2     99     
1     3     99     99     2     1     
1     3     99     3     1     0     
99     2     1     1     0     0     

0     0     1     1     1     0     0     0     
0     0     1     99     1     0     0     0     
0     0     1     1     1     0     0     0     
1     1     0     0     0     0     0     0     
99     1     0     0     1     1     1     0     
1     1     0     0     1     99     2     1     
1     2     1     1     1     2     99     1     
99     2     99     1     0     1     1     1     

0     0     0     0     0     0     0     0     0     0     
0     0     0     0     0     0     0     0     1     1     
0     1     1     1     0     0     0     0     1     99     
1     2     99     1     0     0     0     0     1     1     
1     99     2     1     0     0     0     1     1     1     
1     1     1     0     0     0     0     1     99     1     
0     0     0     0     0     0     0     1     1     1     
0     0     0     0     0     0     0     0     0     0     
0     0     0     0     1     1     1     0     0     0     
0     0     0     0     1     99     1     0     0     0     

Board Created!
]]></system-out>
  </testcase>
  <testcase name="isWinner" classname="GameTest" time="0.117">
    <system-out><![CDATA[-----
99     99     2     1     0     0     
2     3     99     1     0     0     
1     2     2     1     0     0     
2     99     1     0     0     0     
99     3     3     2     2     1     
2     99     2     99     99     1     

0     0     0     0     0     0     0     0     
0     0     0     0     0     0     0     0     
0     0     0     0     0     0     0     0     
0     0     0     0     0     0     0     0     
0     0     0     0     0     0     0     0     
1     1     0     1     1     1     0     0     
99     1     0     1     99     1     0     0     
1     1     0     1     1     1     0     0     

0     0     0     0     1     99     2     1     1     0     
0     0     0     0     1     2     3     99     1     0     
0     0     0     0     0     1     99     2     1     0     
0     0     0     0     0     1     2     3     2     1     
0     0     0     0     0     0     1     99     99     1     
0     0     0     0     0     0     1     2     2     1     
0     0     0     0     0     0     0     0     0     0     
1     1     0     0     0     0     1     1     1     0     
99     1     0     0     0     0     1     99     1     0     
1     1     0     0     0     0     1     1     1     0     

Board Created!
]]></system-out>
  </testcase>
</testsuite>